<?xml version="1.0" encoding="UTF-8"?>
<!-- Generated by org.testng.reporters.JUnitReportReporter -->
<testsuite skipped="0" hostname="cmlpcsendanayak.local" name="com.ucsc.web.testcases.SmokeTestSuite" tests="1" failures="0" timestamp="06 Dec 2017 14:21:35 GMT" time="30.315" errors="0">
  <testcase name="calculatepercent" time="30.315" classname="com.ucsc.web.testcases.SmokeTestSuite"/>
</testsuite> <!-- com.ucsc.web.testcases.SmokeTestSuite -->
