<?xml version="1.0" encoding="UTF-8"?>
<!-- Generated by org.testng.reporters.JUnitReportReporter -->
<testsuite skipped="0" hostname="cmlpcsendanayak.local" name="com.ucsc.web.testcases.SmokeWebSuite" tests="1" failures="0" timestamp="06 Dec 2017 15:08:52 GMT" time="8.092" errors="0">
  <testcase name="loginToWebApplication" time="8.092" classname="com.ucsc.web.testcases.SmokeWebSuite"/>
</testsuite> <!-- com.ucsc.web.testcases.SmokeWebSuite -->
